<?xml version="1.0" encoding="UTF-8"?>
<!-- Generated by org.testng.reporters.JUnitReportReporter -->
<testsuite hostname="LAPTOP-K838KOOG" failures="0" tests="1" name="testcase.Search" time="4.680" errors="0" timestamp="2025-09-09T06:50:51 IST" skipped="0">
  <testcase classname="testcase.Search" name="searchProductTest" time="4.680"/>
</testsuite> <!-- testcase.Search -->
