<?xml version="1.0" encoding="UTF-8"?>
<!-- Generated by org.testng.reporters.JUnitReportReporter -->
<testsuite hostname="LAPTOP-K838KOOG" failures="0" tests="1" name="testcase.Order" time="2.143" errors="0" timestamp="2025-09-09T06:52:04 IST" skipped="0">
  <testcase classname="testcase.Order" name="placeOrderTest" time="2.143"/>
</testsuite> <!-- testcase.Order -->
