<?xml version="1.0" encoding="UTF-8"?>
<!-- Generated by org.testng.reporters.JUnitReportReporter -->
<testsuite hostname="LAPTOP-K838KOOG" failures="0" tests="1" name="testcase.Invalidlogin" time="9.612" errors="0" timestamp="2025-09-08T20:31:43 IST" skipped="0">
  <testcase classname="testcase.Invalidlogin" name="validLoginTest" time="9.612"/>
</testsuite> <!-- testcase.Invalidlogin -->
