<?xml version="1.0" encoding="UTF-8"?>
<!-- Generated by org.testng.reporters.JUnitReportReporter -->
<testsuite hostname="LAPTOP-K838KOOG" failures="0" tests="1" name="testcase.Login" time="36.898" errors="0" timestamp="2025-09-09T06:52:04 IST" skipped="0">
  <testcase classname="testcase.Login" name="validLoginTest" time="36.898"/>
</testsuite> <!-- testcase.Login -->
